<?xml version="1.0" encoding="UTF-8"?>
<testsuite name="TestSuite" time="4.642" tests="29" errors="0" skipped="0" failures="0">
  <properties>
    <property name="java.runtime.name" value="Java(TM) SE Runtime Environment"/>
    <property name="sun.boot.library.path" value="/usr/lib/jvm/java-8-oracle/jre/lib/amd64"/>
    <property name="java.vm.version" value="25.144-b01"/>
    <property name="java.vm.vendor" value="Oracle Corporation"/>
    <property name="java.vendor.url" value="http://java.oracle.com/"/>
    <property name="path.separator" value=":"/>
    <property name="guice.disable.misplaced.annotation.check" value="true"/>
    <property name="java.vm.name" value="Java HotSpot(TM) 64-Bit Server VM"/>
    <property name="file.encoding.pkg" value="sun.io"/>
    <property name="user.country" value="US"/>
    <property name="sun.java.launcher" value="SUN_STANDARD"/>
    <property name="sun.os.patch.level" value="unknown"/>
    <property name="java.vm.specification.name" value="Java Virtual Machine Specification"/>
    <property name="user.dir" value="/home/cornelia/eclipse-workspace/calculator-mirunal-cornelial"/>
    <property name="java.runtime.version" value="1.8.0_144-b01"/>
    <property name="java.awt.graphicsenv" value="sun.awt.X11GraphicsEnvironment"/>
    <property name="java.endorsed.dirs" value="/usr/lib/jvm/java-8-oracle/jre/lib/endorsed"/>
    <property name="os.arch" value="amd64"/>
    <property name="java.io.tmpdir" value="/tmp"/>
    <property name="line.separator" value="&#10;"/>
    <property name="java.vm.specification.vendor" value="Oracle Corporation"/>
    <property name="os.name" value="Linux"/>
    <property name="classworlds.conf" value="/usr/share/maven/bin/m2.conf"/>
    <property name="sun.jnu.encoding" value="UTF-8"/>
    <property name="java.library.path" value="/usr/java/packages/lib/amd64:/usr/lib64:/lib64:/lib:/usr/lib"/>
    <property name="java.specification.name" value="Java Platform API Specification"/>
    <property name="java.class.version" value="52.0"/>
    <property name="sun.management.compiler" value="HotSpot 64-Bit Tiered Compilers"/>
    <property name="os.version" value="4.4.0-31-generic"/>
    <property name="user.home" value="/home/cornelia"/>
    <property name="user.timezone" value="Europe/Stockholm"/>
    <property name="java.awt.printerjob" value="sun.print.PSPrinterJob"/>
    <property name="file.encoding" value="UTF-8"/>
    <property name="java.specification.version" value="1.8"/>
    <property name="user.name" value="cornelia"/>
    <property name="java.class.path" value="/usr/share/maven/boot/plexus-classworlds-2.x.jar"/>
    <property name="java.vm.specification.version" value="1.8"/>
    <property name="sun.arch.data.model" value="64"/>
    <property name="java.home" value="/usr/lib/jvm/java-8-oracle/jre"/>
    <property name="sun.java.command" value="org.codehaus.plexus.classworlds.launcher.Launcher clean install -U"/>
    <property name="java.specification.vendor" value="Oracle Corporation"/>
    <property name="user.language" value="en"/>
    <property name="awt.toolkit" value="sun.awt.X11.XToolkit"/>
    <property name="java.vm.info" value="mixed mode"/>
    <property name="java.version" value="1.8.0_144"/>
    <property name="java.ext.dirs" value="/usr/lib/jvm/java-8-oracle/jre/lib/ext:/usr/java/packages/lib/ext"/>
    <property name="securerandom.source" value="file:/dev/./urandom"/>
    <property name="sun.boot.class.path" value="/usr/lib/jvm/java-8-oracle/jre/lib/resources.jar:/usr/lib/jvm/java-8-oracle/jre/lib/rt.jar:/usr/lib/jvm/java-8-oracle/jre/lib/sunrsasign.jar:/usr/lib/jvm/java-8-oracle/jre/lib/jsse.jar:/usr/lib/jvm/java-8-oracle/jre/lib/jce.jar:/usr/lib/jvm/java-8-oracle/jre/lib/charsets.jar:/usr/lib/jvm/java-8-oracle/jre/lib/jfr.jar:/usr/lib/jvm/java-8-oracle/jre/classes"/>
    <property name="java.vendor" value="Oracle Corporation"/>
    <property name="maven.home" value="/usr/share/maven"/>
    <property name="file.separator" value="/"/>
    <property name="java.vendor.url.bug" value="http://bugreport.sun.com/bugreport/"/>
    <property name="sun.cpu.endian" value="little"/>
    <property name="sun.io.unicode.encoding" value="UnicodeLittle"/>
    <property name="sun.desktop" value="gnome"/>
    <property name="sun.cpu.isalist" value=""/>
  </properties>
  <testcase name="testDivideByZero on testDivideByZero(com.example.maven.calculator_mirunal_cornelial.SimpleCalculatorTest)" classname="com.example.maven.calculator_mirunal_cornelial.SimpleCalculatorTest" time="1.362"/>
  <testcase name="testDivideMethod on testDivideMethod(com.example.maven.calculator_mirunal_cornelial.SimpleCalculatorTest)" classname="com.example.maven.calculator_mirunal_cornelial.SimpleCalculatorTest" time="0"/>
  <testcase name="testMultiplyNegativeMethod on testMultiplyNegativeMethod(com.example.maven.calculator_mirunal_cornelial.SimpleCalculatorTest)" classname="com.example.maven.calculator_mirunal_cornelial.SimpleCalculatorTest" time="0.001"/>
  <testcase name="testDivideNegativeMethod on testDivideNegativeMethod(com.example.maven.calculator_mirunal_cornelial.SimpleCalculatorTest)" classname="com.example.maven.calculator_mirunal_cornelial.SimpleCalculatorTest" time="0.075"/>
  <testcase name="testSubtractWithZero on testSubtractWithZero(com.example.maven.calculator_mirunal_cornelial.SimpleCalculatorTest)" classname="com.example.maven.calculator_mirunal_cornelial.SimpleCalculatorTest" time="0.741"/>
  <testcase name="testMultiplyMethod on testMultiplyMethod(com.example.maven.calculator_mirunal_cornelial.SimpleCalculatorTest)" classname="com.example.maven.calculator_mirunal_cornelial.SimpleCalculatorTest" time="0.183"/>
  <testcase name="testAddMethod on testAddMethod(com.example.maven.calculator_mirunal_cornelial.SimpleCalculatorTest)" classname="com.example.maven.calculator_mirunal_cornelial.SimpleCalculatorTest" time="0.001"/>
  <testcase name="testSubtractMethod on testSubtractMethod(com.example.maven.calculator_mirunal_cornelial.SimpleCalculatorTest)" classname="com.example.maven.calculator_mirunal_cornelial.SimpleCalculatorTest" time="0.003"/>
  <testcase name="testSubtractNegativeMethod on testSubtractNegativeMethod(com.example.maven.calculator_mirunal_cornelial.SimpleCalculatorTest)" classname="com.example.maven.calculator_mirunal_cornelial.SimpleCalculatorTest" time="0.045"/>
  <testcase name="testAddWithZero on testAddWithZero(com.example.maven.calculator_mirunal_cornelial.SimpleCalculatorTest)" classname="com.example.maven.calculator_mirunal_cornelial.SimpleCalculatorTest" time="0.691"/>
  <testcase name="testMultiplyWithZero on testMultiplyWithZero(com.example.maven.calculator_mirunal_cornelial.SimpleCalculatorTest)" classname="com.example.maven.calculator_mirunal_cornelial.SimpleCalculatorTest" time="0.54"/>
  <testcase name="testAddNegativeMethod on testAddNegativeMethod(com.example.maven.calculator_mirunal_cornelial.SimpleCalculatorTest)" classname="com.example.maven.calculator_mirunal_cornelial.SimpleCalculatorTest" time="0.079"/>
  <testcase name="testZeroCubeRoot on testZeroCubeRoot(com.example.maven.calculator_mirunal_cornelial.AdvancedCalculatorTest)" classname="com.example.maven.calculator_mirunal_cornelial.AdvancedCalculatorTest" time="0.256"/>
  <testcase name="testNegativeRemainder on testNegativeRemainder(com.example.maven.calculator_mirunal_cornelial.AdvancedCalculatorTest)" classname="com.example.maven.calculator_mirunal_cornelial.AdvancedCalculatorTest" time="0"/>
  <testcase name="testNegativeRaiseToThePowerOf2 on testNegativeRaiseToThePowerOf2(com.example.maven.calculator_mirunal_cornelial.AdvancedCalculatorTest)" classname="com.example.maven.calculator_mirunal_cornelial.AdvancedCalculatorTest" time="0.005"/>
  <testcase name="testNegativeRaiseToThePowerOf3 on testNegativeRaiseToThePowerOf3(com.example.maven.calculator_mirunal_cornelial.AdvancedCalculatorTest)" classname="com.example.maven.calculator_mirunal_cornelial.AdvancedCalculatorTest" time="0.067"/>
  <testcase name="testNegativeRaiseToThePowerOf4 on testNegativeRaiseToThePowerOf4(com.example.maven.calculator_mirunal_cornelial.AdvancedCalculatorTest)" classname="com.example.maven.calculator_mirunal_cornelial.AdvancedCalculatorTest" time="0"/>
  <testcase name="testNegativeCubeRoot on testNegativeCubeRoot(com.example.maven.calculator_mirunal_cornelial.AdvancedCalculatorTest)" classname="com.example.maven.calculator_mirunal_cornelial.AdvancedCalculatorTest" time="0.01"/>
  <testcase name="testRaiseToThePowerOf2 on testRaiseToThePowerOf2(com.example.maven.calculator_mirunal_cornelial.AdvancedCalculatorTest)" classname="com.example.maven.calculator_mirunal_cornelial.AdvancedCalculatorTest" time="0.011"/>
  <testcase name="testRaiseToThePowerOf3 on testRaiseToThePowerOf3(com.example.maven.calculator_mirunal_cornelial.AdvancedCalculatorTest)" classname="com.example.maven.calculator_mirunal_cornelial.AdvancedCalculatorTest" time="0.063"/>
  <testcase name="testRaiseToThePowerOf4 on testRaiseToThePowerOf4(com.example.maven.calculator_mirunal_cornelial.AdvancedCalculatorTest)" classname="com.example.maven.calculator_mirunal_cornelial.AdvancedCalculatorTest" time="0.001"/>
  <testcase name="testNegativeSquareRoot on testNegativeSquareRoot(com.example.maven.calculator_mirunal_cornelial.AdvancedCalculatorTest)" classname="com.example.maven.calculator_mirunal_cornelial.AdvancedCalculatorTest" time="0.028"/>
  <testcase name="testCubeRoot on testCubeRoot(com.example.maven.calculator_mirunal_cornelial.AdvancedCalculatorTest)" classname="com.example.maven.calculator_mirunal_cornelial.AdvancedCalculatorTest" time="0.071"/>
  <testcase name="testSquareRoot on testSquareRoot(com.example.maven.calculator_mirunal_cornelial.AdvancedCalculatorTest)" classname="com.example.maven.calculator_mirunal_cornelial.AdvancedCalculatorTest" time="0.008"/>
  <testcase name="testZeroRaiseToThePowerOf2 on testZeroRaiseToThePowerOf2(com.example.maven.calculator_mirunal_cornelial.AdvancedCalculatorTest)" classname="com.example.maven.calculator_mirunal_cornelial.AdvancedCalculatorTest" time="0.08"/>
  <testcase name="testZeroRaiseToThePowerOf3 on testZeroRaiseToThePowerOf3(com.example.maven.calculator_mirunal_cornelial.AdvancedCalculatorTest)" classname="com.example.maven.calculator_mirunal_cornelial.AdvancedCalculatorTest" time="0.025"/>
  <testcase name="testZeroRaiseToThePowerOf4 on testZeroRaiseToThePowerOf4(com.example.maven.calculator_mirunal_cornelial.AdvancedCalculatorTest)" classname="com.example.maven.calculator_mirunal_cornelial.AdvancedCalculatorTest" time="0"/>
  <testcase name="testRemainder on testRemainder(com.example.maven.calculator_mirunal_cornelial.AdvancedCalculatorTest)" classname="com.example.maven.calculator_mirunal_cornelial.AdvancedCalculatorTest" time="0.007"/>
  <testcase name="testZeroSquareRoot on testZeroSquareRoot(com.example.maven.calculator_mirunal_cornelial.AdvancedCalculatorTest)" classname="com.example.maven.calculator_mirunal_cornelial.AdvancedCalculatorTest" time="0.289"/>
</testsuite>