<?xml version="1.0" encoding="UTF-8"?>
<!-- Generated by org.testng.reporters.JUnitReportReporter -->
<testsuite hostname="cornelia-VirtualBox" name="com.example.maven.calculator_mirunal_cornelial.SimpleCalculatorTest" tests="12" failures="0" timestamp="14 Dec 2017 11:40:21 GMT" time="3.865" errors="0">
  <testcase name="testAddNegativeMethod" time="0.080" classname="com.example.maven.calculator_mirunal_cornelial.SimpleCalculatorTest"/>
  <testcase name="testDivideByZero" time="1.382" classname="com.example.maven.calculator_mirunal_cornelial.SimpleCalculatorTest"/>
  <testcase name="testMultiplyWithZero" time="0.541" classname="com.example.maven.calculator_mirunal_cornelial.SimpleCalculatorTest"/>
  <testcase name="testDivideMethod" time="0.095" classname="com.example.maven.calculator_mirunal_cornelial.SimpleCalculatorTest"/>
  <testcase name="testAddWithZero" time="0.691" classname="com.example.maven.calculator_mirunal_cornelial.SimpleCalculatorTest"/>
  <testcase name="testSubtractWithZero" time="0.743" classname="com.example.maven.calculator_mirunal_cornelial.SimpleCalculatorTest"/>
  <testcase name="testAddMethod" time="0.005" classname="com.example.maven.calculator_mirunal_cornelial.SimpleCalculatorTest"/>
  <testcase name="testMultiplyMethod" time="0.096" classname="com.example.maven.calculator_mirunal_cornelial.SimpleCalculatorTest"/>
  <testcase name="testDivideNegativeMethod" time="0.088" classname="com.example.maven.calculator_mirunal_cornelial.SimpleCalculatorTest"/>
  <testcase name="testSubtractMethod" time="0.086" classname="com.example.maven.calculator_mirunal_cornelial.SimpleCalculatorTest"/>
  <testcase name="testMultiplyNegativeMethod" time="0.016" classname="com.example.maven.calculator_mirunal_cornelial.SimpleCalculatorTest"/>
  <testcase name="testSubtractNegativeMethod" time="0.042" classname="com.example.maven.calculator_mirunal_cornelial.SimpleCalculatorTest"/>
</testsuite> <!-- com.example.maven.calculator_mirunal_cornelial.SimpleCalculatorTest -->
