<?xml version="1.0" encoding="UTF-8"?>
<!-- Generated by org.testng.reporters.JUnitReportReporter -->
<testsuite hostname="cornelia-VirtualBox" name="com.example.maven.calculator_mirunal_cornelial.AdvancedCalculatorTest" tests="17" failures="0" timestamp="14 Dec 2017 11:40:21 GMT" time="0.974" errors="0">
  <testcase name="testZeroCubeRoot" time="0.190" classname="com.example.maven.calculator_mirunal_cornelial.AdvancedCalculatorTest"/>
  <testcase name="testZeroRaiseToThePowerOf3" time="0.019" classname="com.example.maven.calculator_mirunal_cornelial.AdvancedCalculatorTest"/>
  <testcase name="testRaiseToThePowerOf3" time="0.063" classname="com.example.maven.calculator_mirunal_cornelial.AdvancedCalculatorTest"/>
  <testcase name="testRaiseToThePowerOf2" time="0.012" classname="com.example.maven.calculator_mirunal_cornelial.AdvancedCalculatorTest"/>
  <testcase name="testRemainder" time="0.006" classname="com.example.maven.calculator_mirunal_cornelial.AdvancedCalculatorTest"/>
  <testcase name="testZeroSquareRoot" time="0.285" classname="com.example.maven.calculator_mirunal_cornelial.AdvancedCalculatorTest"/>
  <testcase name="testNegativeSquareRoot" time="0.022" classname="com.example.maven.calculator_mirunal_cornelial.AdvancedCalculatorTest"/>
  <testcase name="testNegativeRemainder" time="0.004" classname="com.example.maven.calculator_mirunal_cornelial.AdvancedCalculatorTest"/>
  <testcase name="testCubeRoot" time="0.076" classname="com.example.maven.calculator_mirunal_cornelial.AdvancedCalculatorTest"/>
  <testcase name="testNegativeRaiseToThePowerOf2" time="0.006" classname="com.example.maven.calculator_mirunal_cornelial.AdvancedCalculatorTest"/>
  <testcase name="testSquareRoot" time="0.009" classname="com.example.maven.calculator_mirunal_cornelial.AdvancedCalculatorTest"/>
  <testcase name="testNegativeCubeRoot" time="0.016" classname="com.example.maven.calculator_mirunal_cornelial.AdvancedCalculatorTest"/>
  <testcase name="testNegativeRaiseToThePowerOf3" time="0.173" classname="com.example.maven.calculator_mirunal_cornelial.AdvancedCalculatorTest"/>
  <testcase name="testRaiseToThePowerOf4" time="0.003" classname="com.example.maven.calculator_mirunal_cornelial.AdvancedCalculatorTest"/>
  <testcase name="testZeroRaiseToThePowerOf4" time="0.003" classname="com.example.maven.calculator_mirunal_cornelial.AdvancedCalculatorTest"/>
  <testcase name="testNegativeRaiseToThePowerOf4" time="0.006" classname="com.example.maven.calculator_mirunal_cornelial.AdvancedCalculatorTest"/>
  <testcase name="testZeroRaiseToThePowerOf2" time="0.081" classname="com.example.maven.calculator_mirunal_cornelial.AdvancedCalculatorTest"/>
</testsuite> <!-- com.example.maven.calculator_mirunal_cornelial.AdvancedCalculatorTest -->
